proguard/seeds.txt
com.mysoft.autosendsms.BaseActivity
com.mysoft.autosendsms.BaseActivity: BaseActivity()
com.mysoft.autosendsms.BuildConfig
com.mysoft.autosendsms.BuildConfig: boolean DEBUG
com.mysoft.autosendsms.BuildConfig: BuildConfig()
com.mysoft.autosendsms.MainActivity
com.mysoft.autosendsms.MainActivity: MainActivity()
com.mysoft.autosendsms.R$anim
com.mysoft.autosendsms.R$anim: int error_frame_in
com.mysoft.autosendsms.R$anim: int error_x_in
com.mysoft.autosendsms.R$anim: int modal_in
com.mysoft.autosendsms.R$anim: int modal_out
com.mysoft.autosendsms.R$anim: int success_bow_roate
com.mysoft.autosendsms.R$anim: int success_mask_layout
com.mysoft.autosendsms.R$anim: R$anim()
com.mysoft.autosendsms.R$attr
com.mysoft.autosendsms.R$attr: int fromDeg
com.mysoft.autosendsms.R$attr: int matProg_barColor
com.mysoft.autosendsms.R$attr: int matProg_barSpinCycleTime
com.mysoft.autosendsms.R$attr: int matProg_barWidth
com.mysoft.autosendsms.R$attr: int matProg_circleRadius
com.mysoft.autosendsms.R$attr: int matProg_fillRadius
com.mysoft.autosendsms.R$attr: int matProg_linearProgress
com.mysoft.autosendsms.R$attr: int matProg_progressIndeterminate
com.mysoft.autosendsms.R$attr: int matProg_rimColor
com.mysoft.autosendsms.R$attr: int matProg_rimWidth
com.mysoft.autosendsms.R$attr: int matProg_spinSpeed
com.mysoft.autosendsms.R$attr: int pivotX
com.mysoft.autosendsms.R$attr: int pivotY
com.mysoft.autosendsms.R$attr: int rollType
com.mysoft.autosendsms.R$attr: int toDeg
com.mysoft.autosendsms.R$attr: R$attr()
com.mysoft.autosendsms.R$color
com.mysoft.autosendsms.R$color: int blue_btn_bg_color
com.mysoft.autosendsms.R$color: int blue_btn_bg_pressed_color
com.mysoft.autosendsms.R$color: int button_text_color
com.mysoft.autosendsms.R$color: int error_stroke_color
com.mysoft.autosendsms.R$color: int float_transparent
com.mysoft.autosendsms.R$color: int gray_btn_bg_color
com.mysoft.autosendsms.R$color: int gray_btn_bg_pressed_color
com.mysoft.autosendsms.R$color: int material_blue_grey_80
com.mysoft.autosendsms.R$color: int material_blue_grey_90
com.mysoft.autosendsms.R$color: int material_blue_grey_95
com.mysoft.autosendsms.R$color: int material_deep_teal_20
com.mysoft.autosendsms.R$color: int material_deep_teal_50
com.mysoft.autosendsms.R$color: int red_btn_bg_color
com.mysoft.autosendsms.R$color: int red_btn_bg_pressed_color
com.mysoft.autosendsms.R$color: int success_stroke_color
com.mysoft.autosendsms.R$color: int sweet_dialog_bg_color
com.mysoft.autosendsms.R$color: int text_color
com.mysoft.autosendsms.R$color: int trans_success_stroke_color
com.mysoft.autosendsms.R$color: int warning_stroke_color
com.mysoft.autosendsms.R$color: R$color()
com.mysoft.autosendsms.R$dimen
com.mysoft.autosendsms.R$dimen: int activity_horizontal_margin
com.mysoft.autosendsms.R$dimen: int activity_vertical_margin
com.mysoft.autosendsms.R$dimen: int alert_width
com.mysoft.autosendsms.R$dimen: int common_circle_width
com.mysoft.autosendsms.R$dimen: int progress_circle_radius
com.mysoft.autosendsms.R$dimen: R$dimen()
...
android.support.v4.app.NotificationCompatBase$Action
android.support.v4.app.NotificationCompatBase$Action: NotificationCompatBase$Action()
android.support.v4.app.NotificationCompatBase$Action: int getIcon()
android.support.v4.app.NotificationCompatBase$Action: java.lang.CharSequence getTitle()
android.support.v4.app.NotificationCompatBase$Action: android.app.PendingIntent getActionIntent()
android.support.v4.app.NotificationCompatBase$Action: android.os.Bundle getExtras()
android.support.v4.app.NotificationCompatBase$Action: android.support.v4.app.RemoteInputCompatBase$RemoteInput[] getRemoteInputs()
android.support.v4.app.NotificationCompatBase$Action$Factory
android.support.v4.app.NotificationCompatBase$Action$Factory: android.support.v4.app.NotificationCompatBase$Action build(int,java.lang.CharSequence,android.app.PendingIntent,android.os.Bundle,android.support.v4.app.RemoteInputCompatBase$RemoteInput[])
android.support.v4.app.NotificationCompatBase$Action$Factory: android.support.v4.app.NotificationCompatBase$Action[] newArray(int)
android.support.v4.app.NotificationCompatBase$UnreadConversation
android.support.v4.app.NotificationCompatBase$UnreadConversation: NotificationCompatBase$UnreadConversation()
android.support.v4.app.NotificationCompatBase$UnreadConversation: java.lang.String[] getParticipants()
android.support.v4.app.NotificationCompatBase$UnreadConversation: java.lang.String getParticipant()
android.support.v4.app.NotificationCompatBase$UnreadConversation: java.lang.String[] getMessages()
android.support.v4.app.NotificationCompatBase$UnreadConversation: android.support.v4.app.RemoteInputCompatBase$RemoteInput getRemoteInput()
android.support.v4.app.NotificationCompatBase$UnreadConversation: android.app.PendingIntent getReplyPendingIntent()
android.support.v4.app.NotificationCompatBase$UnreadConversation: android.app.PendingIntent getReadPendingIntent()
android.support.v4.app.NotificationCompatBase$UnreadConversation: long getLatestTimestamp()
android.support.v4.app.NotificationCompatBase$UnreadConversation$Factory
android.support.v4.app.NotificationCompatBase$UnreadConversation$Factory: android.support.v4.app.NotificationCompatBase$UnreadConversation build(java.lang.String[],android.support.v4.app.RemoteInputCompatBase$RemoteInput,android.app.PendingIntent,android.app.PendingIntent,java.lang.String[],long)
android.support.v4.app.NotificationCompatExtras
android.support.v4.app.NotificationCompatExtras: java.lang.String EXTRA_LOCAL_ONLY
android.support.v4.app.NotificationCompatExtras: java.lang.String EXTRA_GROUP_KEY
android.support.v4.app.NotificationCompatExtras: java.lang.String EXTRA_GROUP_SUMMARY
android.support.v4.app.NotificationCompatExtras: java.lang.String EXTRA_SORT_KEY
android.support.v4.app.NotificationCompatExtras: java.lang.String EXTRA_ACTION_EXTRAS
android.support.v4.app.NotificationCompatExtras: java.lang.String EXTRA_REMOTE_INPUTS
android.support.v4.app.NotificationCompatExtras: NotificationCompatExtras()
android.support.v4.app.NotificationCompatGingerbread
android.support.v4.app.NotificationCompatGingerbread: NotificationCompatGingerbread()
android.support.v4.app.NotificationCompatGingerbread: android.app.Notification add(android.app.Notification,android.content.Context,java.lang.CharSequence,java.lang.CharSequence,android.app.PendingIntent,android.app.PendingIntent)
android.support.v4.app.NotificationCompatHoneycomb
android.support.v4.app.NotificationCompatHoneycomb: NotificationCompatHoneycomb()
android.support.v4.app.NotificationCompatHoneycomb: android.app.Notification add(android.content.Context,android.app.Notification,java.lang.CharSequence,java.lang.CharSequence,java.lang.CharSequence,android.widget.RemoteViews,int,android.app.PendingIntent,android.app.PendingIntent,android.graphics.Bitmap)
android.support.v4.app.NotificationCompatIceCreamSandwich
android.support.v4.app.NotificationCompatIceCreamSandwich: NotificationCompatIceCreamSandwich()