proguard/mapping.txt
com.mysoft.autosendsms.BaseActivity -> com.mysoft.autosendsms.BaseActivity:
    void shortToast(java.lang.String) -> a
    android.view.View onCreateView(android.view.View,java.lang.String,android.content.Context,android.util.AttributeSet) -> onCreateView
    android.view.View onCreateView(java.lang.String,android.content.Context,android.util.AttributeSet) -> onCreateView
com.mysoft.autosendsms.BuildConfig -> com.mysoft.autosendsms.BuildConfig:
    boolean DEBUG -> DEBUG
com.mysoft.autosendsms.MainActivity -> com.mysoft.autosendsms.MainActivity:
    android.widget.EditText et_receive_from -> a
    android.widget.EditText et_rex -> b
    android.widget.EditText et_target -> c
    android.view.View btn_stop -> d
    android.view.View btn_start -> e
    android.content.SharedPreferences sp -> f
    long lastPressed -> g
    com.mysoft.autosendsms.MainActivity$SMSSavedReceiver receiver -> h
    com.mysoft.view.MyViewPager viewPager -> i
    com.mysoft.fragment.SMSRecordFragment fgAll -> j
    com.mysoft.fragment.SMSRecordFragment fgTransed -> k
    android.widget.LinearLayout ll_btns -> l
    void onCreate(android.os.Bundle) -> onCreate
    void saveDataToSP() -> b
    void refresh() -> a
    void stopedUI() -> c
    void startedUI() -> d
    void onClick(android.view.View) -> onClick
    void onBackPressed() -> onBackPressed
    void onDestroy() -> onDestroy
    void onResume() -> onResume
    void onFocusChange(android.view.View,boolean) -> onFocusChange
    void onStart() -> onStart
    void onStop() -> onStop
    void onPageScrolled(int,float,int) -> onPageScrolled
    void onPageScrollStateChanged(int) -> onPageScrollStateChanged
    void onPageSelected(int) -> onPageSelected
    android.view.View onCreateView(android.view.View,java.lang.String,android.content.Context,android.util.AttributeSet) -> onCreateView
com.mysoft.autosendsms.MainActivity$SMSSavedReceiver -> com.mysoft.autosendsms.a:
    com.mysoft.autosendsms.MainActivity this$0 -> a
    void onReceive(android.content.Context,android.content.Intent) -> onReceive
com.mysoft.autosendsms.R$anim -> com.mysoft.autosendsms.R$anim:
    int error_frame_in -> error_frame_in
    int error_x_in -> error_x_in
    int modal_in -> modal_in
    int modal_out -> modal_out
    int success_bow_roate -> success_bow_roate
    int success_mask_layout -> success_mask_layout
com.mysoft.autosendsms.R$attr -> com.mysoft.autosendsms.R$attr:
    int fromDeg -> fromDeg
    int matProg_barColor -> matProg_barColor
    int matProg_barSpinCycleTime -> matProg_barSpinCycleTime
    int matProg_barWidth -> matProg_barWidth
    int matProg_circleRadius -> matProg_circleRadius
    int matProg_fillRadius -> matProg_fillRadius
    int matProg_linearProgress -> matProg_linearProgress
    int matProg_progressIndeterminate -> matProg_progressIndeterminate
    int matProg_rimColor -> matProg_rimColor
    int matProg_rimWidth -> matProg_rimWidth
    int matProg_spinSpeed -> matProg_spinSpeed
    int pivotX -> pivotX
    int pivotY -> pivotY
    int rollType -> rollType
    int toDeg -> toDeg
...
android.support.v4.app.FragmentTabHost$SavedState -> android.support.v4.app.FragmentTabHost$SavedState:
    java.lang.String curTab -> curTab
    android.os.Parcelable$Creator CREATOR -> CREATOR
    void writeToParcel(android.os.Parcel,int) -> writeToParcel
    java.lang.String toString() -> toString
android.support.v4.app.FragmentTabHost$SavedState$1 -> android.support.v4.app.FragmentTabHost$SavedState$1:
    android.support.v4.app.FragmentTabHost$SavedState createFromParcel(android.os.Parcel) -> createFromParcel
    android.support.v4.app.FragmentTabHost$SavedState[] newArray(int) -> newArray
    java.lang.Object[] newArray(int) -> newArray
    java.lang.Object createFromParcel(android.os.Parcel) -> createFromParcel
android.support.v4.app.FragmentTabHost$TabInfo -> android.support.v4.app.FragmentTabHost$TabInfo:
    java.lang.String tag -> tag
    java.lang.Class clss -> clss
    android.os.Bundle args -> args
    android.support.v4.app.Fragment fragment -> fragment
    android.support.v4.app.Fragment access$102(android.support.v4.app.FragmentTabHost$TabInfo,android.support.v4.app.Fragment) -> access$102
    android.support.v4.app.Fragment access$100(android.support.v4.app.FragmentTabHost$TabInfo) -> access$100
    java.lang.String access$200(android.support.v4.app.FragmentTabHost$TabInfo) -> access$200
    java.lang.Class access$300(android.support.v4.app.FragmentTabHost$TabInfo) -> access$300
    android.os.Bundle access$400(android.support.v4.app.FragmentTabHost$TabInfo) -> access$400
android.support.v4.app.FragmentTransaction -> android.support.v4.app.FragmentTransaction:
    int TRANSIT_ENTER_MASK -> TRANSIT_ENTER_MASK
    int TRANSIT_EXIT_MASK -> TRANSIT_EXIT_MASK
    int TRANSIT_UNSET -> TRANSIT_UNSET
    int TRANSIT_NONE -> TRANSIT_NONE
    int TRANSIT_FRAGMENT_OPEN -> TRANSIT_FRAGMENT_OPEN
    int TRANSIT_FRAGMENT_CLOSE -> TRANSIT_FRAGMENT_CLOSE
    int TRANSIT_FRAGMENT_FADE -> TRANSIT_FRAGMENT_FADE
    android.support.v4.app.FragmentTransaction add(android.support.v4.app.Fragment,java.lang.String) -> add
    android.support.v4.app.FragmentTransaction add(int,android.support.v4.app.Fragment) -> add
    android.support.v4.app.FragmentTransaction add(int,android.support.v4.app.Fragment,java.lang.String) -> add
    android.support.v4.app.FragmentTransaction replace(int,android.support.v4.app.Fragment) -> replace
    android.support.v4.app.FragmentTransaction replace(int,android.support.v4.app.Fragment,java.lang.String) -> replace
    android.support.v4.app.FragmentTransaction remove(android.support.v4.app.Fragment) -> remove
    android.support.v4.app.FragmentTransaction hide(android.support.v4.app.Fragment) -> hide
    android.support.v4.app.FragmentTransaction show(android.support.v4.app.Fragment) -> show
    android.support.v4.app.FragmentTransaction detach(android.support.v4.app.Fragment) -> detach
    android.support.v4.app.FragmentTransaction attach(android.support.v4.app.Fragment) -> attach
    boolean isEmpty() -> isEmpty
android.support.v4.app.FragmentTransaction$Transit -> android.support.v4.app.FragmentTransaction$Transit: