proguard/usage.txt
com.mysoft.autosendsms.BaseActivity:
    14:15:public void shortToast(int)
    22:23:protected void longToast(int)
com.mysoft.autosendsms.R:
    10:10:public R()
...
android.support.annotation.AnimRes
android.support.annotation.AnimatorRes
android.support.annotation.AnyRes
android.support.annotation.ArrayRes
android.support.annotation.AttrRes
android.support.annotation.BinderThread
android.support.annotation.BoolRes
android.support.annotation.CallSuper
android.support.annotation.CheckResult
android.support.annotation.ColorInt
android.support.annotation.ColorRes
android.support.annotation.DimenRes
android.support.annotation.DrawableRes
android.support.annotation.FloatRange
android.support.annotation.FractionRes
android.support.annotation.IdRes
android.support.annotation.IntDef
android.support.annotation.IntRange
android.support.annotation.IntegerRes
android.support.annotation.InterpolatorRes
android.support.annotation.Keep
android.support.annotation.LayoutRes
android.support.annotation.MainThread
android.support.annotation.MenuRes
android.support.annotation.NonNull
android.support.annotation.Nullable
android.support.annotation.PluralsRes
android.support.annotation.RawRes
android.support.annotation.RequiresPermission
android.support.annotation.RequiresPermission$Read
android.support.annotation.RequiresPermission$Write
android.support.annotation.Size
android.support.annotation.StringDef
android.support.annotation.StringRes
android.support.annotation.StyleRes
android.support.annotation.StyleableRes
android.support.annotation.TransitionRes
android.support.annotation.UiThread
android.support.annotation.VisibleForTesting
android.support.annotation.WorkerThread
android.support.annotation.XmlRes
cn.pedant.SweetAlert.OptAnimationLoader:
    14:14:public OptAnimationLoader()
cn.pedant.SweetAlert.ProgressHelper:
    32:32:public com.pnikosis.materialishprogress.ProgressWheel getProgressWheel()
    76:79:public void resetCount()
    82:82:public boolean isSpinning()
    86:88:public void spin()
    91:93:public void stopSpinning()
    96:96:public float getProgress()
    100:103:public void setProgress(float)
    106:109:public void setInstantProgress(float)
    112:112:public int getCircleRadius()
    119:121:public void setCircleRadius(int)
    124:124:public int getBarWidth()
    128:130:public void setBarWidth(int)
    133:133:public int getBarColor()
    137:139:public void setBarColor(int)
    142:142:public int getRimWidth()
    146:148:public void setRimWidth(int)
    151:151:public int getRimColor()
    155:157:public void setRimColor(int)
    160:160:public float getSpinSpeed()
    164:166:public void setSpinSpeed(float)
cn.pedant.SweetAlert.R:
    9:9:public R()
cn.pedant.SweetAlert.sample.SampleActivity
com.mysoft.adapter.MyPagerAdapter:
    15:16:public MyPagerAdapter(android.support.v4.app.FragmentManager)
com.mysoft.entity.SMS:
    private static final long serialVersionUID
com.mysoft.utils.SMSSendingHandler:
    private static final int FINISHED
com.mysoft.utils.StringUtils:
    9:9:public StringUtils()
    27:36:public static java.lang.String encryptBASE64(java.lang.String)
    48:59:public static java.lang.String decryptBASE64(java.lang.String)
com.pnikosis.materialishprogress.ProgressWheel:
    258:263:public void setCallback(com.pnikosis.materialishprogress.ProgressWheel$ProgressCallback)
    397:400:public void resetCount()
    568:572:public void setLinearProgress(boolean)